#
# There is insufficient memory for the Java Runtime Environment to continue.
# Native memory allocation (mmap) failed to map 536870912 bytes for G1 virtual space
# Possible reasons:
#   The system is out of physical RAM or swap space
#   The process is running with CompressedOops enabled, and the Java Heap may be blocking the growth of the native heap
# Possible solutions:
#   Reduce memory load on the system
#   Increase physical memory or swap space
#   Check if swap backing store is full
#   Decrease Java heap size (-Xmx/-Xms)
#   Decrease number of Java threads
#   Decrease Java thread stack sizes (-Xss)
#   Set larger code cache with -XX:ReservedCodeCacheSize=
#   JVM is running with Zero Based Compressed Oops mode in which the Java heap is
#     placed in the first 32GB address space. The Java Heap base address is the
#     maximum limit for the native heap growth. Please use -XX:HeapBaseMinAddress
#     to set the Java Heap base and to place the Java Heap above 32GB virtual address.
# This output file may be truncated or incomplete.
#
#  Out of Memory Error (os_windows.cpp:3548), pid=4220, tid=9076
#
# JRE version:  (17.0.5+8) (build )
# Java VM: OpenJDK 64-Bit Server VM (17.0.5+8, mixed mode, sharing, tiered, compressed oops, compressed class ptrs, g1 gc, windows-amd64)
# No core dump will be written. Minidumps are not enabled by default on client versions of Windows
#

---------------  S U M M A R Y ------------

Command Line: -Dfile.encoding=UTF-8 -XX:+ShowCodeDetailsInExceptionMessages chapter05.ex09.Ex01_t È«±æµ¿ 70 88 77 99 ÀÌ¼ø½Å 80 68 87 79 ±è¶Ê¶Ê 60 86 87 30 È«±æ¼ø 77 56 80 99

Host: 11th Gen Intel(R) Core(TM) i7-11700 @ 2.50GHz, 16 cores, 31G,  Windows 10 , 64 bit Build 19041 (10.0.19041.1889)
Time: Fri Nov 18 10:15:05 2022  Windows 10 , 64 bit Build 19041 (10.0.19041.1889) elapsed time: 0.007385 seconds (0d 0h 0m 0s)

---------------  T H R E A D  ---------------

Current thread (0x000001617e14c800):  JavaThread "Unknown thread" [_thread_in_vm, id=9076, stack(0x00000024f0900000,0x00000024f0a00000)]

Stack: [0x00000024f0900000,0x00000024f0a00000]
Native frames: (J=compiled Java code, j=interpreted, Vv=VM code, C=native code)
V  [jvm.dll+0x676b3a]
V  [jvm.dll+0x831444]
V  [jvm.dll+0x832bee]
V  [jvm.dll+0x833253]
V  [jvm.dll+0x244ce5]
V  [jvm.dll+0x673a49]
V  [jvm.dll+0x66811a]
V  [jvm.dll+0x303ceb]
V  [jvm.dll+0x30b1e6]
V  [jvm.dll+0x35adbe]
V  [jvm.dll+0x35afef]
V  [jvm.dll+0x2dab88]
V  [jvm.dll+0x2dbaf4]
V  [jvm.dll+0x803121]
V  [jvm.dll+0x368bb1]
V  [jvm.dll+0x7e265c]
V  [jvm.dll+0x3eb17f]
V  [jvm.dll+0x3eccc1]
C  [jli.dll+0x5267]
C  [ucrtbase.dll+0x21bb2]
C  [KERNEL32.DLL+0x17034]
C  [ntdll.dll+0x526a1]


---------------  P R O C E S S  ---------------

Threads class SMR info:
_java_thread_list=0x00007ffee6a52f18, length=0, elements={
}

Java Threads: ( => current thread )

Other Threads:
  0x000001617fb88030 GCTaskThread "GC Thread#0" [stack: 0x00000024f0a00000,0x00000024f0b00000] [id=14128]
  0x000001617fb99460 ConcurrentGCThread "G1 Main Marker" [stack: 0x00000024f0b00000,0x00000024f0c00000] [id=10496]
  0x000001617fb99d80 ConcurrentGCThread "G1 Conc#0" [stack: 0x00000024f0c00000,0x00000024f0d00000] [id=1596]

[error occurred during error reporting (printing all threads), id 0xc0000005, EXCEPTION_ACCESS_VIOLATION (0xc0000005) at pc=0x00007ffee622b617]

VM state: not at safepoint (not fully initialized)

VM Mutex/Monitor currently owned by a thread:  ([mutex/lock_event])
[0x000001617fad6d00] Heap_lock - owner thread: 0x000001617e14c800

Heap address: 0x0000000603800000, size: 8136 MB, Compressed Oops mode: Zero based, Oop shift amount: 3

CDS archive(s) mapped at: [0x0000000000000000-0x0000000000000000-0x0000000000000000), size 0, SharedBaseAddress: 0x0000000800000000, ArchiveRelocationMode: 0.
Narrow klass base: 0x0000000000000000, Narrow klass shift: 0, Narrow klass range: 0x0

GC Precious Log:
<Empty>

Heap:
 garbage-first heap   total 0K, used 0K [0x0000000603800000, 0x0000000800000000)
  region size 4096K, 0 young (0K), 0 survivors (0K)

[error occurred during error reporting (printing heap information), id 0xc0000005, EXCEPTION_ACCESS_VIOLATION (0xc0000005) at pc=0x00007ffee660fcb9]

GC Heap History (0 events):
No events

Dll operation events (1 events):
Event: 0.005 Loaded shared library C:\Users\hi\.p2\pool\plugins\org.eclipse.justj.openjdk.hotspot.jre.full.win32.x86_64_17.0.5.v20221102-0933\jre\bin\java.dll

Deoptimization events (0 events):
No events

Classes unloaded (0 events):
No events

Classes redefined (0 events):
No events

Internal exceptions (0 events):
No events

VM Operations (0 events):
No events

Events (0 events):
No events


Dynamic libraries:
0x00007ff61a720000 - 0x00007ff61a72e000 	C:\Users\hi\.p2\pool\plugins\org.eclipse.justj.openjdk.hotspot.jre.full.win32.x86_64_17.0.5.v20221102-0933\jre\bin\javaw.exe
0x00007fff3ffb0000 - 0x00007fff401a8000 	C:\Windows\SYSTEM32\ntdll.dll
0x00007fff3e780000 - 0x00007fff3e83d000 	C:\Windows\System32\KERNEL32.DLL
0x00007fff3d8c0000 - 0x00007fff3db92000 	C:\Windows\System32\KERNELBASE.dll
0x00007fff3df10000 - 0x00007fff3e010000 	C:\Windows\System32\ucrtbase.dll
0x00007fff30790000 - 0x00007fff307a9000 	C:\Users\hi\.p2\pool\plugins\org.eclipse.justj.openjdk.hotspot.jre.full.win32.x86_64_17.0.5.v20221102-0933\jre\bin\VCRUNTIME140.dll
0x00007fff2ffa0000 - 0x00007fff2ffb7000 	C:\Users\hi\.p2\pool\plugins\org.eclipse.justj.openjdk.hotspot.jre.full.win32.x86_64_17.0.5.v20221102-0933\jre\bin\jli.dll
0x00007fff3e960000 - 0x00007fff3eafd000 	C:\Windows\System32\USER32.dll
0x00007fff3d890000 - 0x00007fff3d8b2000 	C:\Windows\System32\win32u.dll
0x00007fff3e490000 - 0x00007fff3e4bb000 	C:\Windows\System32\GDI32.dll
0x00007fff3de00000 - 0x00007fff3df0f000 	C:\Windows\System32\gdi32full.dll
0x00007fff1f3f0000 - 0x00007fff1f68a000 	C:\Windows\WinSxS\amd64_microsoft.windows.common-controls_6595b64144ccf1df_6.0.19041.1110_none_60b5254171f9507e\COMCTL32.dll
0x00007fff3d7f0000 - 0x00007fff3d88d000 	C:\Windows\System32\msvcp_win.dll
0x00007fff3e8c0000 - 0x00007fff3e95e000 	C:\Windows\System32\msvcrt.dll
0x00007fff3e070000 - 0x00007fff3e0a0000 	C:\Windows\System32\IMM32.DLL
0x00007fff338e0000 - 0x00007fff338ec000 	C:\Users\hi\.p2\pool\plugins\org.eclipse.justj.openjdk.hotspot.jre.full.win32.x86_64_17.0.5.v20221102-0933\jre\bin\vcruntime140_1.dll
0x00007fff2f750000 - 0x00007fff2f7e1000 	C:\Users\hi\.p2\pool\plugins\org.eclipse.justj.openjdk.hotspot.jre.full.win32.x86_64_17.0.5.v20221102-0933\jre\bin\msvcp140.dll
0x00007ffee5f40000 - 0x00007ffee6b84000 	C:\Users\hi\.p2\pool\plugins\org.eclipse.justj.openjdk.hotspot.jre.full.win32.x86_64_17.0.5.v20221102-0933\jre\bin\server\jvm.dll
0x00007fff3f920000 - 0x00007fff3f9ce000 	C:\Windows\System32\ADVAPI32.dll
0x00007fff3e3f0000 - 0x00007fff3e48c000 	C:\Windows\System32\sechost.dll
0x00007fff3e2c0000 - 0x00007fff3e3e5000 	C:\Windows\System32\RPCRT4.dll
0x00007fff33a50000 - 0x00007fff33a59000 	C:\Windows\SYSTEM32\WSOCK32.dll
0x00007fff21650000 - 0x00007fff21677000 	C:\Windows\SYSTEM32\WINMM.dll
0x00007fff38460000 - 0x00007fff3846a000 	C:\Windows\SYSTEM32\VERSION.dll
0x00007fff3eb00000 - 0x00007fff3eb6b000 	C:\Windows\System32\WS2_32.dll
0x00007fff3b5a0000 - 0x00007fff3b5b2000 	C:\Windows\SYSTEM32\kernel.appcore.dll
0x00007fff33990000 - 0x00007fff3399a000 	C:\Users\hi\.p2\pool\plugins\org.eclipse.justj.openjdk.hotspot.jre.full.win32.x86_64_17.0.5.v20221102-0933\jre\bin\jimage.dll
0x00007fff251c0000 - 0x00007fff253a4000 	C:\Windows\SYSTEM32\DBGHELP.DLL
0x00007fff25130000 - 0x00007fff2515c000 	C:\Windows\SYSTEM32\dbgcore.DLL
0x00007fff3d760000 - 0x00007fff3d7e2000 	C:\Windows\System32\bcryptPrimitives.dll
0x00007fff33960000 - 0x00007fff33985000 	C:\Users\hi\.p2\pool\plugins\org.eclipse.justj.openjdk.hotspot.jre.full.win32.x86_64_17.0.5.v20221102-0933\jre\bin\java.dll

dbghelp: loaded successfully - version: 4.0.5 - missing functions: none
symbol engine: initialized successfully - sym options: 0x614 - pdb path: .;C:\Users\hi\.p2\pool\plugins\org.eclipse.justj.openjdk.hotspot.jre.full.win32.x86_64_17.0.5.v20221102-0933\jre\bin;C:\Windows\SYSTEM32;C:\Windows\WinSxS\amd64_microsoft.windows.common-controls_6595b64144ccf1df_6.0.19041.1110_none_60b5254171f9507e;C:\Users\hi\.p2\pool\plugins\org.eclipse.justj.openjdk.hotspot.jre.full.win32.x86_64_17.0.5.v20221102-0933\jre\bin\server

VM Arguments:
jvm_args: -Dfile.encoding=UTF-8 -XX:+ShowCodeDetailsInExceptionMessages 
java_command: chapter05.ex09.Ex01_t È«±æµ¿ 70 88 77 99 ÀÌ¼ø½Å 80 68 87 79 ±è¶Ê¶Ê 60 86 87 30 È«±æ¼ø 77 56 80 99
java_class_path (initial): C:\Users\hi\eclipse-workspace\Java_proj001\bin
Launcher Type: SUN_STANDARD

[Global flags]
     intx CICompilerCount                          = 12                                        {product} {ergonomic}
     uint ConcGCThreads                            = 3                                         {product} {ergonomic}
     uint G1ConcRefinementThreads                  = 13                                        {product} {ergonomic}
   size_t G1HeapRegionSize                         = 4194304                                   {product} {ergonomic}
    uintx GCDrainStackTargetSize                   = 64                                        {product} {ergonomic}
   size_t InitialHeapSize                          = 536870912                                 {product} {ergonomic}
   size_t MarkStackSize                            = 4194304                                   {product} {ergonomic}
   size_t MaxHeapSize                              = 8531214336                                {product} {ergonomic}
   size_t MinHeapDeltaBytes                        = 4194304                                   {product} {ergonomic}
   size_t MinHeapSize                              = 8388608                                   {product} {ergonomic}
    uintx NonNMethodCodeHeapSize                   = 7602480                                {pd product} {ergonomic}
    uintx NonProfiledCodeHeapSize                  = 122027880                              {pd product} {ergonomic}
    uintx ProfiledCodeHeapSize                     = 122027880                              {pd product} {ergonomic}
    uintx ReservedCodeCacheSize                    = 251658240                              {pd product} {ergonomic}
     bool SegmentedCodeCache                       = true                                      {product} {ergonomic}
     bool ShowCodeDetailsInExceptionMessages       = true                                   {manageable} {command line}
   size_t SoftMaxHeapSize                          = 8531214336                             {manageable} {ergonomic}
     bool UseCompressedClassPointers               = true                           {product lp64_product} {ergonomic}
     bool UseCompressedOops                        = true                           {product lp64_product} {ergonomic}
     bool UseG1GC                                  = true                                      {product} {ergonomic}
     bool UseLargePagesIndividualAllocation        = false                                  {pd product} {ergonomic}

Logging:
Log output configuration:
 #0: stdout all=warning uptime,level,tags
 #1: stderr all=off uptime,level,tags

Environment Variables:
JAVA_HOME=C:\Program Files\Java\jdk-11.0.17
PATH=C:/Users/hi/.p2/pool/plugins/org.eclipse.justj.openjdk.hotspot.jre.full.win32.x86_64_17.0.5.v20221102-0933/jre/bin/server;C:/Users/hi/.p2/pool/plugins/org.eclipse.justj.openjdk.hotspot.jre.full.win32.x86_64_17.0.5.v20221102-0933/jre/bin;C:\Program Files\Java\jdk-11.0.17\bin;C:\Windows\system32;C:\Program Files (x86)\VMware\VMware Player\bin\;C:\Windows\system32;C:\Windows;C:\Windows\System32\Wbem;C:\Windows\System32\WindowsPowerShell\v1.0\;C:\Windows\System32\OpenSSH\;C:\Program Files\Git\cmd;C:\Users\hi\AppData\Local\Microsoft\WindowsApps;C:\Users\hi\Desktop;
USERNAME=hi
OS=Windows_NT
PROCESSOR_IDENTIFIER=Intel64 Family 6 Model 167 Stepping 1, GenuineIntel
TMP=C:\Users\hi\AppData\Local\Temp
TEMP=C:\Users\hi\AppData\Local\Temp



---------------  S Y S T E M  ---------------

OS:
 Windows 10 , 64 bit Build 19041 (10.0.19041.1889)
OS uptime: 2 days 1:04 hours

CPU: total 16 (initial active 16) (8 cores per cpu, 2 threads per core) family 6 model 167 stepping 1 microcode 0x50, cx8, cmov, fxsr, ht, mmx, 3dnowpref, sse, sse2, sse3, ssse3, sse4.1, sse4.2, popcnt, lzcnt, tsc, tscinvbit, avx, avx2, aes, erms, clmul, bmi1, bmi2, adx, avx512f, avx512dq, avx512cd, avx512bw, avx512vl, sha, fma, vzeroupper, avx512_vpopcntdq, avx512_vpclmulqdq, avx512_vaes, avx512_vnni, clflush, clflushopt, avx512_vbmi2, avx512_vbmi

Memory: 4k page, system-wide physical 32533M (3821M free)
TotalPageFile size 92069M (AvailPageFile size 15M)
current process WorkingSet (physical memory assigned to process): 10M, peak: 10M
current process commit charge ("private bytes"): 70M, peak: 582M

vm_info: OpenJDK 64-Bit Server VM (17.0.5+8) for windows-amd64 JRE (17.0.5+8), built on Oct 19 2022 04:48:13 by "temurin" with MS VC++ 16.7 (VS2019)

END.
